Using pre-set license
Built from '2021.3/staging' branch; Version is '2021.3.16f1 (4016570cf34f) revision 4200023'; Using compiler version '192829333'; Build Type 'Release'
OS: 'Windows 11  (10.0.22000) 64bit Professional' Language: 'fr' Physical Memory: 16301 MB
BatchMode: 1, IsHumanControllingUs: 0, StartBugReporterOnCrash: 0, Is64bit: 1, IsPro: 1

COMMAND LINE ARGUMENTS:
C:\Program Files\Unity\Hub\Editor\2021.3.16f1\Editor\Unity.exe
-adb2
-batchMode
-noUpm
-name
AssetImportWorker42
-projectPath
D:/Unity Projects/Test
-logFile
Logs/AssetImportWorker42.log
-srvPort
54980
Successfully changed project path to: D:/Unity Projects/Test
D:/Unity Projects/Test
[UnityMemory] Configuration Parameters - Can be set up in boot.config
    "memorysetup-bucket-allocator-granularity=16"
    "memorysetup-bucket-allocator-bucket-count=8"
    "memorysetup-bucket-allocator-block-size=33554432"
    "memorysetup-bucket-allocator-block-count=8"
    "memorysetup-main-allocator-block-size=16777216"
    "memorysetup-thread-allocator-block-size=16777216"
    "memorysetup-gfx-main-allocator-block-size=16777216"
    "memorysetup-gfx-thread-allocator-block-size=16777216"
    "memorysetup-cache-allocator-block-size=4194304"
    "memorysetup-typetree-allocator-block-size=2097152"
    "memorysetup-profiler-bucket-allocator-granularity=16"
    "memorysetup-profiler-bucket-allocator-bucket-count=8"
    "memorysetup-profiler-bucket-allocator-block-size=33554432"
    "memorysetup-profiler-bucket-allocator-block-count=8"
    "memorysetup-profiler-allocator-block-size=16777216"
    "memorysetup-profiler-editor-allocator-block-size=1048576"
    "memorysetup-temp-allocator-size-main=16777216"
    "memorysetup-job-temp-allocator-block-size=2097152"
    "memorysetup-job-temp-allocator-block-size-background=1048576"
    "memorysetup-job-temp-allocator-reduction-small-platforms=262144"
    "memorysetup-temp-allocator-size-background-worker=32768"
    "memorysetup-temp-allocator-size-job-worker=262144"
    "memorysetup-temp-allocator-size-preload-manager=33554432"
    "memorysetup-temp-allocator-size-nav-mesh-worker=65536"
    "memorysetup-temp-allocator-size-audio-worker=65536"
    "memorysetup-temp-allocator-size-cloud-worker=32768"
    "memorysetup-temp-allocator-size-gi-baking-worker=262144"
    "memorysetup-temp-allocator-size-gfx=262144"
Player connection [15080] Host "[IP] 192.168.1.17 [Port] 0 [Flags] 2 [Guid] 2568671276 [EditorId] 2568671276 [Version] 1048832 [Id] WindowsEditor(7,Kylian) [Debug] 1 [PackageName] WindowsEditor [ProjectName] Editor" joined multi-casting on [225.0.0.222:54997]...

Player connection [15080] Host "[IP] 192.168.1.17 [Port] 0 [Flags] 2 [Guid] 2568671276 [EditorId] 2568671276 [Version] 1048832 [Id] WindowsEditor(7,Kylian) [Debug] 1 [PackageName] WindowsEditor [ProjectName] Editor" joined alternative multi-casting on [225.0.0.222:34997]...

Refreshing native plugins compatible for Editor in 1117.81 ms, found 3 plugins.
Preloading 0 native plugins for Editor in 0.00 ms.
Initialize engine version: 2021.3.16f1 (4016570cf34f)
[Subsystems] Discovering subsystems at path C:/Program Files/Unity/Hub/Editor/2021.3.16f1/Editor/Data/Resources/UnitySubsystems
[Subsystems] Discovering subsystems at path D:/Unity Projects/Test/Assets
GfxDevice: creating device client; threaded=0; jobified=0
Direct3D:
    Version:  Direct3D 11.0 [level 11.1]
    Renderer: NVIDIA GeForce GTX 1050 Ti (ID=0x1c8c)
    Vendor:   NVIDIA
    VRAM:     1979 MB
    Driver:   24.21.13.9901
Initialize mono
Mono path[0] = 'C:/Program Files/Unity/Hub/Editor/2021.3.16f1/Editor/Data/Managed'
Mono path[1] = 'C:/Program Files/Unity/Hub/Editor/2021.3.16f1/Editor/Data/MonoBleedingEdge/lib/mono/unityjit-win32'
Mono config path = 'C:/Program Files/Unity/Hub/Editor/2021.3.16f1/Editor/Data/MonoBleedingEdge/etc'
Using monoOptions --debugger-agent=transport=dt_socket,embedding=1,server=y,suspend=n,address=127.0.0.1:56308
Begin MonoManager ReloadAssembly
Registering precompiled unity dll's ...
Register platform support module: C:/Program Files/Unity/Hub/Editor/2021.3.16f1/Editor/Data/PlaybackEngines/WebGLSupport/UnityEditor.WebGL.Extensions.dll
Register platform support module: C:/Program Files/Unity/Hub/Editor/2021.3.16f1/Editor/Data/PlaybackEngines/AndroidPlayer/UnityEditor.Android.Extensions.dll
Register platform support module: C:/Program Files/Unity/Hub/Editor/2021.3.16f1/Editor/Data/PlaybackEngines/WindowsStandaloneSupport/UnityEditor.WindowsStandalone.Extensions.dll
Register platform support module: C:/Program Files/Unity/Hub/Editor/2021.3.16f1/Editor/Data/PlaybackEngines/LinuxStandaloneSupport/UnityEditor.LinuxStandalone.Extensions.dll
Registered in 0.029430 seconds.
Native extension for LinuxStandalone target not found
Native extension for WindowsStandalone target not found
Native extension for Android target not found
Native extension for WebGL target not found
Refreshing native plugins compatible for Editor in 440.42 ms, found 3 plugins.
Preloading 0 native plugins for Editor in 0.00 ms.
Mono: successfully reloaded assembly
- Completed reload, in  3.553 seconds
Domain Reload Profiling:
	ReloadAssembly (3555ms)
		BeginReloadAssembly (296ms)
			ExecutionOrderSort (0ms)
			DisableScriptedObjects (0ms)
			BackupInstance (0ms)
			ReleaseScriptingObjects (0ms)
			CreateAndSetChildDomain (3ms)
		EndReloadAssembly (2457ms)
			LoadAssemblies (292ms)
			RebuildTransferFunctionScriptingTraits (0ms)
			SetupTypeCache (447ms)
			ReleaseScriptCaches (0ms)
			RebuildScriptCaches (244ms)
			SetupLoadedEditorAssemblies (1547ms)
				LogAssemblyErrors (0ms)
				InitializePlatformSupportModulesInManaged (525ms)
				SetLoadedEditorAssemblies (1ms)
				RefreshPlugins (441ms)
				BeforeProcessingInitializeOnLoad (6ms)
				ProcessInitializeOnLoadAttributes (397ms)
				ProcessInitializeOnLoadMethodAttributes (177ms)
				AfterProcessingInitializeOnLoad (0ms)
				EditorAssembliesLoaded (0ms)
			ExecutionOrderSort2 (0ms)
			AwakeInstancesAfterBackupRestoration (0ms)
Platform modules already initialized, skipping
Registering precompiled user dll's ...
Registered in 0.036905 seconds.
Begin MonoManager ReloadAssembly
Symbol file LoadedFromMemory is not a mono symbol file
Symbol file LoadedFromMemory doesn't match image D:\Unity Projects\Test\Library\PackageCache\com.unity.visualscripting@1.7.8\Editor\VisualScripting.Core\Dependencies\YamlDotNet\Unity.VisualScripting.YamlDotNet.dll
Symbol file LoadedFromMemory doesn't match image D:\Unity Projects\Test\Library\PackageCache\com.unity.visualscripting@1.7.8\Editor\VisualScripting.Core\Dependencies\DotNetZip\Unity.VisualScripting.IonicZip.dll
Native extension for LinuxStandalone target not found
Native extension for WindowsStandalone target not found
Native extension for Android target not found
Native extension for WebGL target not found
Refreshing native plugins compatible for Editor in 2.56 ms, found 3 plugins.
Preloading 0 native plugins for Editor in 0.00 ms.
Mono: successfully reloaded assembly
- Completed reload, in  5.480 seconds
Domain Reload Profiling:
	ReloadAssembly (5483ms)
		BeginReloadAssembly (589ms)
			ExecutionOrderSort (0ms)
			DisableScriptedObjects (22ms)
			BackupInstance (0ms)
			ReleaseScriptingObjects (0ms)
			CreateAndSetChildDomain (168ms)
		EndReloadAssembly (4441ms)
			LoadAssemblies (397ms)
			RebuildTransferFunctionScriptingTraits (0ms)
			SetupTypeCache (1280ms)
			ReleaseScriptCaches (2ms)
			RebuildScriptCaches (238ms)
			SetupLoadedEditorAssemblies (2308ms)
				LogAssemblyErrors (0ms)
				InitializePlatformSupportModulesInManaged (94ms)
				SetLoadedEditorAssemblies (2ms)
				RefreshPlugins (3ms)
				BeforeProcessingInitializeOnLoad (512ms)
				ProcessInitializeOnLoadAttributes (1527ms)
				ProcessInitializeOnLoadMethodAttributes (135ms)
				AfterProcessingInitializeOnLoad (34ms)
				EditorAssembliesLoaded (1ms)
			ExecutionOrderSort2 (0ms)
			AwakeInstancesAfterBackupRestoration (28ms)
Platform modules already initialized, skipping
========================================================================
Worker process is ready to serve import requests
Launched and connected shader compiler UnityShaderCompiler.exe after 0.26 seconds
Refreshing native plugins compatible for Editor in 2.12 ms, found 3 plugins.
Preloading 0 native plugins for Editor in 0.00 ms.
Unloading 5116 Unused Serialized files (Serialized files now loaded: 0)
Unloading 39 unused Assets / (113.6 KB). Loaded Objects now: 5565.
Memory consumption went from 184.8 MB to 184.7 MB.
Total: 13.118300 ms (FindLiveObjects: 1.196800 ms CreateObjectMapping: 1.355800 ms MarkObjects: 10.179100 ms  DeleteObjects: 0.383800 ms)

AssetImportParameters requested are different than current active one (requested -> active):
  custom:video-decoder-ogg-theora: a1e56fd34408186e4bbccfd4996cb3dc -> 
  custom:container-muxer-webm: aa71ff27fc2769a1b78a27578f13a17b -> 
  custom:container-demuxer-webm: 4f35f7cbe854078d1ac9338744f61a02 -> 
  custom:video-encoder-webm-vp8: eb34c28f22e8b96e1ab97ce403110664 -> 
  custom:audio-encoder-webm-vorbis: bf7c407c2cedff20999df2af8eb42d56 -> 
  custom:framework-win-MediaFoundation: 216162199b28c13a410421893ffa2e32 -> 
  custom:container-demuxer-ogg: 62fdf1f143b41e24485cea50d1cbac27 -> 
  custom:video-decoder-webm-vp8: 9c59270c3fd7afecdb556c50c9e8de78 -> 
  custom:audio-decoder-ogg-vorbis: bf7c407c2cedff20999df2af8eb42d56 -> 
========================================================================
Received Import Request.
  Time since last request: 337109.532424 seconds.
  path: Assets/Player.prefab
  artifactKey: Guid(ae5fac80c6596524e896feadebb71671) Importer(815301076,1909f56bfc062723c751e8b465ee728b)
Start importing Assets/Player.prefab using Guid(ae5fac80c6596524e896feadebb71671) Importer(815301076,1909f56bfc062723c751e8b465ee728b)  -> (artifact id: 'd2caa4111ca550f263441e6843e84879') in 1.328891 seconds 
========================================================================
Received Import Request.
  Time since last request: 1.396614 seconds.
  path: Assets/TextMesh Pro
  artifactKey: Guid(f54d1bd14bd3ca042bd867b519fee8cc) Importer(815301076,1909f56bfc062723c751e8b465ee728b)
Start importing Assets/TextMesh Pro using Guid(f54d1bd14bd3ca042bd867b519fee8cc) Importer(815301076,1909f56bfc062723c751e8b465ee728b)  -> (artifact id: 'f5648c5ef36b7beab651a001a8d08867') in 0.038186 seconds 
========================================================================
Received Import Request.
  Time since last request: 8.438116 seconds.
  path: Assets/Plugins/QFSW/Quantum Console/Source/Third-Party Notices.txt
  artifactKey: Guid(c73db89ef64357640b17d95065ca2626) Importer(815301076,1909f56bfc062723c751e8b465ee728b)
Start importing Assets/Plugins/QFSW/Quantum Console/Source/Third-Party Notices.txt using Guid(c73db89ef64357640b17d95065ca2626) Importer(815301076,1909f56bfc062723c751e8b465ee728b)  -> (artifact id: 'f618f1afc4a9ec1036bc52764dd91718') in 0.165514 seconds 
========================================================================
Received Import Request.
  Time since last request: 9.219576 seconds.
  path: Assets/Plugins/QFSW/Quantum Console/Source/changelog.txt
  artifactKey: Guid(da7b1060a39034f64b9568c74ba675d8) Importer(815301076,1909f56bfc062723c751e8b465ee728b)
Start importing Assets/Plugins/QFSW/Quantum Console/Source/changelog.txt using Guid(da7b1060a39034f64b9568c74ba675d8) Importer(815301076,1909f56bfc062723c751e8b465ee728b)  -> (artifact id: '1ce062c07a6f2a2d0cd1fe5b0e2f6e33') in 0.019248 seconds 
========================================================================
Received Import Request.
  Time since last request: 1.415002 seconds.
  path: Assets/Plugins/QFSW/Quantum Console/Source/readme.pdf
  artifactKey: Guid(ed61ebfbaaf591f40a51900ce1a5c898) Importer(815301076,1909f56bfc062723c751e8b465ee728b)
Start importing Assets/Plugins/QFSW/Quantum Console/Source/readme.pdf using Guid(ed61ebfbaaf591f40a51900ce1a5c898) Importer(815301076,1909f56bfc062723c751e8b465ee728b)  -> (artifact id: 'd8f2308cd67b7e312abc946ca38085b2') in 0.050496 seconds 
========================================================================
Received Import Request.
  Time since last request: 2.061143 seconds.
  path: Assets/Plugins/QFSW/Quantum Console/Source/Textures
  artifactKey: Guid(4750aea94a3727649a4fd1df0cd87fc5) Importer(815301076,1909f56bfc062723c751e8b465ee728b)
Start importing Assets/Plugins/QFSW/Quantum Console/Source/Textures using Guid(4750aea94a3727649a4fd1df0cd87fc5) Importer(815301076,1909f56bfc062723c751e8b465ee728b)  -> (artifact id: '0898444f106231f94f8bacd9b3c0e829') in 0.025238 seconds 
========================================================================
Received Import Request.
  Time since last request: 6.954346 seconds.
  path: Assets/Plugins/QFSW/Quantum Console/Source/Shaders
  artifactKey: Guid(59dec0d3cfad221488e6b8ad38e6414d) Importer(815301076,1909f56bfc062723c751e8b465ee728b)
Start importing Assets/Plugins/QFSW/Quantum Console/Source/Shaders using Guid(59dec0d3cfad221488e6b8ad38e6414d) Importer(815301076,1909f56bfc062723c751e8b465ee728b)  -> (artifact id: '653913b12cacf79696dcba29bd6bd847') in 0.037169 seconds 
========================================================================
Received Import Request.
  Time since last request: 8.219209 seconds.
  path: Assets/Plugins/QFSW/Quantum Console/Source/Materials
  artifactKey: Guid(82a04213dfb8df0418ea8f3f47099dc5) Importer(815301076,1909f56bfc062723c751e8b465ee728b)
Start importing Assets/Plugins/QFSW/Quantum Console/Source/Materials using Guid(82a04213dfb8df0418ea8f3f47099dc5) Importer(815301076,1909f56bfc062723c751e8b465ee728b)  -> (artifact id: '6477c8b3eb83188be6e7543b52166e46') in 0.031240 seconds 
========================================================================
Received Import Request.
  Time since last request: 0.520176 seconds.
  path: Assets/Plugins/QFSW/Quantum Console/Source/Extras
  artifactKey: Guid(952ba3bc3099845f7b7ba6943e79ce9f) Importer(815301076,1909f56bfc062723c751e8b465ee728b)
Start importing Assets/Plugins/QFSW/Quantum Console/Source/Extras using Guid(952ba3bc3099845f7b7ba6943e79ce9f) Importer(815301076,1909f56bfc062723c751e8b465ee728b)  -> (artifact id: '54cd6b9f8fa0029d317e4dc70407c95b') in 0.026784 seconds 
========================================================================
Received Import Request.
  Time since last request: 0.316368 seconds.
  path: Assets/Plugins/QFSW/Quantum Console/Source/Extras/QFSW.QC.Extras.asmdef
  artifactKey: Guid(dbe7cf6698bd54a63bc00412d71f8b48) Importer(815301076,1909f56bfc062723c751e8b465ee728b)
Start importing Assets/Plugins/QFSW/Quantum Console/Source/Extras/QFSW.QC.Extras.asmdef using Guid(dbe7cf6698bd54a63bc00412d71f8b48) Importer(815301076,1909f56bfc062723c751e8b465ee728b)  -> (artifact id: 'a398e7799342bbc15569e9c35260ecb6') in 0.029617 seconds 
========================================================================
Received Import Request.
  Time since last request: 1.129737 seconds.
  path: Assets/Plugins/QFSW/Quantum Console/Source/Extras/ApplicationCommands.cs
  artifactKey: Guid(e9da7f85fdcb033409727f504fdda906) Importer(815301076,1909f56bfc062723c751e8b465ee728b)
Start importing Assets/Plugins/QFSW/Quantum Console/Source/Extras/ApplicationCommands.cs using Guid(e9da7f85fdcb033409727f504fdda906) Importer(815301076,1909f56bfc062723c751e8b465ee728b)  -> (artifact id: 'ddd5e4ec3e6490fa7b5ee28aa19147bb') in 0.058610 seconds 
========================================================================
Received Import Request.
  Time since last request: 11.903864 seconds.
  path: Assets/Plugins/QFSW/Quantum Console/Source/Extras/CoroutineCommands.cs
  artifactKey: Guid(1a0d171dbb1da05489c852d95745226f) Importer(815301076,1909f56bfc062723c751e8b465ee728b)
Start importing Assets/Plugins/QFSW/Quantum Console/Source/Extras/CoroutineCommands.cs using Guid(1a0d171dbb1da05489c852d95745226f) Importer(815301076,1909f56bfc062723c751e8b465ee728b)  -> (artifact id: '268520d87b28a04265f2cf4f9d9539ee') in 0.041866 seconds 
========================================================================
Received Import Request.
  Time since last request: 3.180396 seconds.
  path: Assets/Plugins/QFSW/Quantum Console/Source/Extras/EditorCommands.cs
  artifactKey: Guid(15cc172f9ab7e744ebb12f0ac6965c79) Importer(815301076,1909f56bfc062723c751e8b465ee728b)
Start importing Assets/Plugins/QFSW/Quantum Console/Source/Extras/EditorCommands.cs using Guid(15cc172f9ab7e744ebb12f0ac6965c79) Importer(815301076,1909f56bfc062723c751e8b465ee728b)  -> (artifact id: '4d5a9dae9b781aee8a7d843aafc920a5') in 0.017813 seconds 
========================================================================
Received Prepare
Registering precompiled user dll's ...
Registered in 0.030908 seconds.
Begin MonoManager ReloadAssembly
Symbol file LoadedFromMemory is not a mono symbol file
Symbol file LoadedFromMemory doesn't match image D:\Unity Projects\Test\Library\PackageCache\com.unity.visualscripting@1.7.8\Editor\VisualScripting.Core\Dependencies\YamlDotNet\Unity.VisualScripting.YamlDotNet.dll
Symbol file LoadedFromMemory doesn't match image D:\Unity Projects\Test\Library\PackageCache\com.unity.visualscripting@1.7.8\Editor\VisualScripting.Core\Dependencies\DotNetZip\Unity.VisualScripting.IonicZip.dll
Native extension for LinuxStandalone target not found
Native extension for WindowsStandalone target not found
Native extension for Android target not found
Native extension for WebGL target not found
Refreshing native plugins compatible for Editor in 3.26 ms, found 3 plugins.
Preloading 0 native plugins for Editor in 0.00 ms.
Mono: successfully reloaded assembly
- Completed reload, in  6.855 seconds
Domain Reload Profiling:
	ReloadAssembly (6857ms)
		BeginReloadAssembly (579ms)
			ExecutionOrderSort (0ms)
			DisableScriptedObjects (23ms)
			BackupInstance (0ms)
			ReleaseScriptingObjects (0ms)
			CreateAndSetChildDomain (177ms)
		EndReloadAssembly (5862ms)
			LoadAssemblies (443ms)
			RebuildTransferFunctionScriptingTraits (0ms)
			SetupTypeCache (2024ms)
			ReleaseScriptCaches (5ms)
			RebuildScriptCaches (284ms)
			SetupLoadedEditorAssemblies (2708ms)
				LogAssemblyErrors (0ms)
				InitializePlatformSupportModulesInManaged (138ms)
				SetLoadedEditorAssemblies (3ms)
				RefreshPlugins (4ms)
				BeforeProcessingInitializeOnLoad (665ms)
				ProcessInitializeOnLoadAttributes (1594ms)
				ProcessInitializeOnLoadMethodAttributes (256ms)
				AfterProcessingInitializeOnLoad (47ms)
				EditorAssembliesLoaded (2ms)
			ExecutionOrderSort2 (0ms)
			AwakeInstancesAfterBackupRestoration (45ms)
Platform modules already initialized, skipping
Refreshing native plugins compatible for Editor in 7.60 ms, found 3 plugins.
Preloading 0 native plugins for Editor in 0.00 ms.
Unloading 5097 Unused Serialized files (Serialized files now loaded: 0)
Unloading 32 unused Assets / (81.5 KB). Loaded Objects now: 5577.
Memory consumption went from 200.2 MB to 200.1 MB.
Total: 13.165600 ms (FindLiveObjects: 1.078800 ms CreateObjectMapping: 1.505300 ms MarkObjects: 10.254700 ms  DeleteObjects: 0.323300 ms)

AssetImportParameters requested are different than current active one (requested -> active):
  custom:video-decoder-ogg-theora: a1e56fd34408186e4bbccfd4996cb3dc -> 
  custom:container-muxer-webm: aa71ff27fc2769a1b78a27578f13a17b -> 
  custom:container-demuxer-webm: 4f35f7cbe854078d1ac9338744f61a02 -> 
  custom:video-encoder-webm-vp8: eb34c28f22e8b96e1ab97ce403110664 -> 
  custom:audio-encoder-webm-vorbis: bf7c407c2cedff20999df2af8eb42d56 -> 
  custom:framework-win-MediaFoundation: 216162199b28c13a410421893ffa2e32 -> 
  custom:container-demuxer-ogg: 62fdf1f143b41e24485cea50d1cbac27 -> 
  custom:video-decoder-webm-vp8: 9c59270c3fd7afecdb556c50c9e8de78 -> 
  custom:audio-decoder-ogg-vorbis: bf7c407c2cedff20999df2af8eb42d56 -> 
========================================================================
Received Prepare
Refreshing native plugins compatible for Editor in 24.87 ms, found 3 plugins.
Preloading 0 native plugins for Editor in 0.00 ms.
Unloading 32 Unused Serialized files (Serialized files now loaded: 0)
Unloading 32 unused Assets / (77.9 KB). Loaded Objects now: 5577.
Memory consumption went from 99.0 MB to 98.9 MB.
Total: 15.458800 ms (FindLiveObjects: 1.086700 ms CreateObjectMapping: 2.463200 ms MarkObjects: 11.603000 ms  DeleteObjects: 0.303000 ms)

AssetImportParameters requested are different than current active one (requested -> active):
  custom:video-decoder-ogg-theora: a1e56fd34408186e4bbccfd4996cb3dc -> 
  custom:container-muxer-webm: aa71ff27fc2769a1b78a27578f13a17b -> 
  custom:container-demuxer-webm: 4f35f7cbe854078d1ac9338744f61a02 -> 
  custom:video-encoder-webm-vp8: eb34c28f22e8b96e1ab97ce403110664 -> 
  custom:audio-encoder-webm-vorbis: bf7c407c2cedff20999df2af8eb42d56 -> 
  custom:framework-win-MediaFoundation: 216162199b28c13a410421893ffa2e32 -> 
  custom:container-demuxer-ogg: 62fdf1f143b41e24485cea50d1cbac27 -> 
  custom:video-decoder-webm-vp8: 9c59270c3fd7afecdb556c50c9e8de78 -> 
  custom:audio-decoder-ogg-vorbis: bf7c407c2cedff20999df2af8eb42d56 -> 
========================================================================
Received Prepare
Refreshing native plugins compatible for Editor in 30.05 ms, found 3 plugins.
Preloading 0 native plugins for Editor in 0.00 ms.
Unloading 32 Unused Serialized files (Serialized files now loaded: 0)
Unloading 32 unused Assets / (78.0 KB). Loaded Objects now: 5577.
Memory consumption went from 99.0 MB to 98.9 MB.
Total: 16.345900 ms (FindLiveObjects: 1.140900 ms CreateObjectMapping: 1.036600 ms MarkObjects: 13.851600 ms  DeleteObjects: 0.313900 ms)

AssetImportParameters requested are different than current active one (requested -> active):
  custom:video-decoder-ogg-theora: a1e56fd34408186e4bbccfd4996cb3dc -> 
  custom:container-muxer-webm: aa71ff27fc2769a1b78a27578f13a17b -> 
  custom:container-demuxer-webm: 4f35f7cbe854078d1ac9338744f61a02 -> 
  custom:video-encoder-webm-vp8: eb34c28f22e8b96e1ab97ce403110664 -> 
  custom:audio-encoder-webm-vorbis: bf7c407c2cedff20999df2af8eb42d56 -> 
  custom:framework-win-MediaFoundation: 216162199b28c13a410421893ffa2e32 -> 
  custom:container-demuxer-ogg: 62fdf1f143b41e24485cea50d1cbac27 -> 
  custom:video-decoder-webm-vp8: 9c59270c3fd7afecdb556c50c9e8de78 -> 
  custom:audio-decoder-ogg-vorbis: bf7c407c2cedff20999df2af8eb42d56 -> 
========================================================================
Received Prepare
Refreshing native plugins compatible for Editor in 20.62 ms, found 3 plugins.
Preloading 0 native plugins for Editor in 0.00 ms.
Unloading 32 Unused Serialized files (Serialized files now loaded: 0)
Unloading 32 unused Assets / (78.0 KB). Loaded Objects now: 5577.
Memory consumption went from 99.0 MB to 98.9 MB.
Total: 12.879800 ms (FindLiveObjects: 1.249800 ms CreateObjectMapping: 1.207900 ms MarkObjects: 10.144100 ms  DeleteObjects: 0.275000 ms)

AssetImportParameters requested are different than current active one (requested -> active):
  custom:video-decoder-ogg-theora: a1e56fd34408186e4bbccfd4996cb3dc -> 
  custom:container-muxer-webm: aa71ff27fc2769a1b78a27578f13a17b -> 
  custom:container-demuxer-webm: 4f35f7cbe854078d1ac9338744f61a02 -> 
  custom:video-encoder-webm-vp8: eb34c28f22e8b96e1ab97ce403110664 -> 
  custom:audio-encoder-webm-vorbis: bf7c407c2cedff20999df2af8eb42d56 -> 
  custom:framework-win-MediaFoundation: 216162199b28c13a410421893ffa2e32 -> 
  custom:container-demuxer-ogg: 62fdf1f143b41e24485cea50d1cbac27 -> 
  custom:video-decoder-webm-vp8: 9c59270c3fd7afecdb556c50c9e8de78 -> 
  custom:audio-decoder-ogg-vorbis: bf7c407c2cedff20999df2af8eb42d56 -> 
